INFO:routers.profile_db:retornando status
INFO:routers.profile_db:buscando todos los perfiles
INFO:routers.profile_db:buscando el perfil asociado al id:1
INFO:routers.profile_db:buscando el perfil asociado al id:4
ERROR:routers.profile_db:'NoneType' object is not subscriptable
INFO:routers.profile_db:creando el perfil
INFO:routers.profile_db:validando campos del perfil
ERROR:routers.profile_db:Falta indicar el id de usuario
INFO:routers.profile_db:creando el perfil
INFO:routers.profile_db:validando campos del perfil
ERROR:routers.profile_db:Falta indicar el nombre de usuario
INFO:routers.profile_db:creando el perfil
INFO:routers.profile_db:validando campos del perfil
ERROR:routers.profile_db:Falta indicar el genero
INFO:routers.profile_db:creando el perfil
INFO:routers.profile_db:validando campos del perfil
INFO:routers.profile_db:chequeando si ya existe el perfil
INFO:routers.profile_db:creando el perfil en base de datos
INFO:routers.profile_db:buscando el perfil asociado al id:4
INFO:routers.profile_db:actualizando el perfil
INFO:routers.profile_db:actualizando el perfil
INFO:routers.profile_db:validando campos del perfil
ERROR:routers.profile_db:Falta indicar el nombre de usuario
INFO:routers.profile_db:actualizando el perfil
INFO:routers.profile_db:validando campos del perfil
ERROR:routers.profile_db:Falta indicar el genero
INFO:routers.profile_db:actualizando el perfil
INFO:routers.profile_db:validando campos del perfil
INFO:routers.profile_db:actualizando el perfil en base de datos
ERROR:routers.profile_db:el usuario no existe
INFO:routers.profile_db:actualizando el perfil
INFO:routers.profile_db:validando campos del perfil
INFO:routers.profile_db:actualizando el perfil en base de datos
INFO:routers.profile_db:eliminando el perfil
ERROR:routers.profile_db:el usuario no existe
INFO:routers.profile_db:eliminando el perfil
INFO:routers.profile_db:retornando status
INFO:routers.profile_db:buscando todos los perfiles
INFO:routers.profile_db:retornando status
INFO:routers.profile_db:buscando todos los perfiles
INFO:routers.profile_db:buscando el perfil asociado al id de usuario:1
INFO:routers.profile_db:retornando status
INFO:routers.profile_db:buscando el perfil asociado al id de usuario:1
INFO:routers.profile_db:retornando status
INFO:routers.profile_db:buscando el perfil asociado al id de usuario:1
INFO:routers.profile_db:retornando status
INFO:routers.profile_db:buscando el perfil asociado al id de usuario:1
INFO:routers.profile_db:retornando status
